<?xml version="1.0" encoding="UTF-8"?>
<testng-results ignored="0" total="1" passed="1" failed="0" skipped="0">
  <reporter-output>
  </reporter-output>
  <suite started-at="2022-09-07T15:03:27 IST" name="Default suite" finished-at="2022-09-07T15:03:31 IST" duration-ms="4725">
    <groups>
    </groups>
    <test started-at="2022-09-07T15:03:27 IST" name="Default test" finished-at="2022-09-07T15:03:31 IST" duration-ms="4725">
      <class name="paramters.ParamtersTestForGit">
        <test-method signature="parametersTest()[pri:0, instance:paramters.ParamtersTestForGit@6e0f5f7f]" started-at="2022-09-07T15:03:27 IST" name="parametersTest" finished-at="2022-09-07T15:03:31 IST" duration-ms="4641" status="PASS">
          <reporter-output>
          </reporter-output>
        </test-method> <!-- parametersTest -->
      </class> <!-- paramters.ParamtersTestForGit -->
    </test> <!-- Default test -->
  </suite> <!-- Default suite -->
</testng-results>
